<?xml version="1.0" encoding="UTF-8"?>
<!-- Generated by org.testng.reporters.JUnitXMLReporter -->
<testsuite ignored="0" hostname="APL-19QWT24" failures="1" tests="5" name="Capstone Test" time="108.056" errors="0" timestamp="2026-07-02T16:37:28 IST">
  <testcase classname="io.cucumber.testng.AbstractTestNGCucumberTests" name="runScenario" time="31.3"/>
  <testcase classname="io.cucumber.testng.AbstractTestNGCucumberTests" name="runScenario" time="16.026"/>
  <testcase classname="io.cucumber.testng.AbstractTestNGCucumberTests" name="runScenario" time="22.427"/>
  <testcase classname="io.cucumber.testng.AbstractTestNGCucumberTests" name="runScenario" time="21.371">
    <failure type="java.lang.AssertionError" message="BUG: Search functionality does not filter products based on keyword entered">
      <![CDATA[java.lang.AssertionError: BUG: Search functionality does not filter products based on keyword entered
at stepDef.NavbarSteps.verifySearchResultsNotDisplayed(NavbarSteps.java:83)
at ✽.Search results should not be displayed(file:///C:/Users/AR20695753/eclipse-workspace/Capstone/src/test/java/features/B_Navbar.feature:21)
... Removed 1 stack frames]]>
    </failure>
  </testcase> <!-- runScenario -->
  <testcase classname="io.cucumber.testng.AbstractTestNGCucumberTests" name="runScenario" time="14.45"/>
</testsuite> <!-- Capstone Test -->
