<?xml version="1.0" encoding="UTF-8"?>
<testng-results ignored="0" total="12" passed="11" failed="1" skipped="0">
  <reporter-output>
  </reporter-output>
  <suite started-at="2026-07-06T12:00:49 IST" name="Default suite" finished-at="2026-07-06T12:03:59 IST" duration-ms="190348">
    <groups>
      <group name="cucumber">
        <method signature="AbstractTestNGCucumberTests.runScenario(io.cucumber.testng.PickleWrapper, io.cucumber.testng.FeatureWrapper)[pri:0, instance:Runner.Runner@f5ac9e4]" name="runScenario" class="io.cucumber.testng.AbstractTestNGCucumberTests"/>
      </group> <!-- cucumber -->
    </groups>
    <test started-at="2026-07-06T12:00:49 IST" name="Default test" finished-at="2026-07-06T12:03:59 IST" duration-ms="190348">
      <class name="Runner.Runner">
        <test-method is-config="true" signature="setUpClass(org.testng.ITestContext)[pri:0, instance:Runner.Runner@f5ac9e4]" started-at="2026-07-06T12:00:49 IST" name="setUpClass" finished-at="2026-07-06T12:00:52 IST" duration-ms="3775" status="PASS">
          <params>
            <param index="0">
              <value>
                <![CDATA[org.testng.TestRunner@3dad535f]]>
              </value>
            </param>
          </params>
          <reporter-output>
          </reporter-output>
        </test-method> <!-- setUpClass -->
        <test-method signature="runScenario(io.cucumber.testng.PickleWrapper, io.cucumber.testng.FeatureWrapper)[pri:0, instance:Runner.Runner@f5ac9e4]" started-at="2026-07-06T12:00:52 IST" name="runScenario" description="Runs Cucumber Scenarios" data-provider="scenarios" finished-at="2026-07-06T12:01:16 IST" duration-ms="23313" status="PASS">
          <params>
            <param index="0">
              <value>
                <![CDATA["Navigating to SignIn Page and Signing In"]]>
              </value>
            </param>
            <param index="1">
              <value>
                <![CDATA["BrowserStackDemo Automation Testing"]]>
              </value>
            </param>
          </params>
          <reporter-output>
          </reporter-output>
        </test-method> <!-- runScenario -->
        <test-method signature="runScenario(io.cucumber.testng.PickleWrapper, io.cucumber.testng.FeatureWrapper)[pri:0, instance:Runner.Runner@f5ac9e4]" started-at="2026-07-06T12:01:16 IST" name="runScenario" description="Runs Cucumber Scenarios" data-provider="scenarios" finished-at="2026-07-06T12:01:29 IST" duration-ms="13529" status="PASS">
          <params>
            <param index="0">
              <value>
                <![CDATA["Navigating to SignIn Page and Signing In"]]>
              </value>
            </param>
            <param index="1">
              <value>
                <![CDATA["BrowserStackDemo Automation Testing"]]>
              </value>
            </param>
          </params>
          <reporter-output>
          </reporter-output>
        </test-method> <!-- runScenario -->
        <test-method signature="runScenario(io.cucumber.testng.PickleWrapper, io.cucumber.testng.FeatureWrapper)[pri:0, instance:Runner.Runner@f5ac9e4]" started-at="2026-07-06T12:01:29 IST" name="runScenario" description="Runs Cucumber Scenarios" data-provider="scenarios" finished-at="2026-07-06T12:01:49 IST" duration-ms="19540" status="PASS">
          <params>
            <param index="0">
              <value>
                <![CDATA["Verify Navbar Links"]]>
              </value>
            </param>
            <param index="1">
              <value>
                <![CDATA["Navbar Links Verification"]]>
              </value>
            </param>
          </params>
          <reporter-output>
          </reporter-output>
        </test-method> <!-- runScenario -->
        <test-method signature="runScenario(io.cucumber.testng.PickleWrapper, io.cucumber.testng.FeatureWrapper)[pri:0, instance:Runner.Runner@f5ac9e4]" started-at="2026-07-06T12:01:49 IST" name="runScenario" description="Runs Cucumber Scenarios" data-provider="scenarios" finished-at="2026-07-06T12:02:02 IST" duration-ms="13574" status="FAIL">
          <params>
            <param index="0">
              <value>
                <![CDATA["Verify search fails for any keyword"]]>
              </value>
            </param>
            <param index="1">
              <value>
                <![CDATA["Navbar Links Verification"]]>
              </value>
            </param>
          </params>
          <exception class="java.lang.AssertionError">
            <message>
              <![CDATA[BUG: Search functionality does not filter products based on keyword entered]]>
            </message>
            <full-stacktrace>
              <![CDATA[java.lang.AssertionError: BUG: Search functionality does not filter products based on keyword entered
at org.testng.Assert.fail(Assert.java:97)
at stepDef.NavbarSteps.verifySearchResultsNotDisplayed(NavbarSteps.java:122)
at ✽.Search results should not be displayed(file:///C:/Users/AR20695753/eclipse-workspace/Capstone/src/test/java/features/B_Navbar.feature:21)
]]>
            </full-stacktrace>
          </exception> <!-- java.lang.AssertionError -->
          <reporter-output>
          </reporter-output>
        </test-method> <!-- runScenario -->
        <test-method signature="runScenario(io.cucumber.testng.PickleWrapper, io.cucumber.testng.FeatureWrapper)[pri:0, instance:Runner.Runner@f5ac9e4]" started-at="2026-07-06T12:02:02 IST" name="runScenario" description="Runs Cucumber Scenarios" data-provider="scenarios" finished-at="2026-07-06T12:02:14 IST" duration-ms="11763" status="PASS">
          <params>
            <param index="0">
              <value>
                <![CDATA["Log Out"]]>
              </value>
            </param>
            <param index="1">
              <value>
                <![CDATA["Navbar Links Verification"]]>
              </value>
            </param>
          </params>
          <reporter-output>
          </reporter-output>
        </test-method> <!-- runScenario -->
        <test-method signature="runScenario(io.cucumber.testng.PickleWrapper, io.cucumber.testng.FeatureWrapper)[pri:0, instance:Runner.Runner@f5ac9e4]" started-at="2026-07-06T12:02:14 IST" name="runScenario" description="Runs Cucumber Scenarios" data-provider="scenarios" finished-at="2026-07-06T12:02:27 IST" duration-ms="13197" status="PASS">
          <params>
            <param index="0">
              <value>
                <![CDATA["Filter Products By a single Vendor"]]>
              </value>
            </param>
            <param index="1">
              <value>
                <![CDATA["Product Filtering By Vendors"]]>
              </value>
            </param>
          </params>
          <reporter-output>
          </reporter-output>
        </test-method> <!-- runScenario -->
        <test-method signature="runScenario(io.cucumber.testng.PickleWrapper, io.cucumber.testng.FeatureWrapper)[pri:0, instance:Runner.Runner@f5ac9e4]" started-at="2026-07-06T12:02:27 IST" name="runScenario" description="Runs Cucumber Scenarios" data-provider="scenarios" finished-at="2026-07-06T12:02:42 IST" duration-ms="14646" status="PASS">
          <params>
            <param index="0">
              <value>
                <![CDATA["Clear Applied Filters"]]>
              </value>
            </param>
            <param index="1">
              <value>
                <![CDATA["Product Filtering By Vendors"]]>
              </value>
            </param>
          </params>
          <reporter-output>
          </reporter-output>
        </test-method> <!-- runScenario -->
        <test-method signature="runScenario(io.cucumber.testng.PickleWrapper, io.cucumber.testng.FeatureWrapper)[pri:0, instance:Runner.Runner@f5ac9e4]" started-at="2026-07-06T12:02:42 IST" name="runScenario" description="Runs Cucumber Scenarios" data-provider="scenarios" finished-at="2026-07-06T12:02:58 IST" duration-ms="16070" status="PASS">
          <params>
            <param index="0">
              <value>
                <![CDATA["Filter Products By Multiple Vendors"]]>
              </value>
            </param>
            <param index="1">
              <value>
                <![CDATA["Product Filtering By Vendors"]]>
              </value>
            </param>
          </params>
          <reporter-output>
          </reporter-output>
        </test-method> <!-- runScenario -->
        <test-method signature="runScenario(io.cucumber.testng.PickleWrapper, io.cucumber.testng.FeatureWrapper)[pri:0, instance:Runner.Runner@f5ac9e4]" started-at="2026-07-06T12:02:58 IST" name="runScenario" description="Runs Cucumber Scenarios" data-provider="scenarios" finished-at="2026-07-06T12:03:14 IST" duration-ms="15376" status="PASS">
          <params>
            <param index="0">
              <value>
                <![CDATA["Filter Products By Multiple Vendors"]]>
              </value>
            </param>
            <param index="1">
              <value>
                <![CDATA["Product Filtering By Vendors"]]>
              </value>
            </param>
          </params>
          <reporter-output>
          </reporter-output>
        </test-method> <!-- runScenario -->
        <test-method signature="runScenario(io.cucumber.testng.PickleWrapper, io.cucumber.testng.FeatureWrapper)[pri:0, instance:Runner.Runner@f5ac9e4]" started-at="2026-07-06T12:03:14 IST" name="runScenario" description="Runs Cucumber Scenarios" data-provider="scenarios" finished-at="2026-07-06T12:03:28 IST" duration-ms="14043" status="PASS">
          <params>
            <param index="0">
              <value>
                <![CDATA["Add a single product to cart"]]>
              </value>
            </param>
            <param index="1">
              <value>
                <![CDATA["Cart Functionality"]]>
              </value>
            </param>
          </params>
          <reporter-output>
          </reporter-output>
        </test-method> <!-- runScenario -->
        <test-method signature="runScenario(io.cucumber.testng.PickleWrapper, io.cucumber.testng.FeatureWrapper)[pri:0, instance:Runner.Runner@f5ac9e4]" started-at="2026-07-06T12:03:28 IST" name="runScenario" description="Runs Cucumber Scenarios" data-provider="scenarios" finished-at="2026-07-06T12:03:41 IST" duration-ms="13668" status="PASS">
          <params>
            <param index="0">
              <value>
                <![CDATA["Remove a product from the cart"]]>
              </value>
            </param>
            <param index="1">
              <value>
                <![CDATA["Cart Functionality"]]>
              </value>
            </param>
          </params>
          <reporter-output>
          </reporter-output>
        </test-method> <!-- runScenario -->
        <test-method signature="runScenario(io.cucumber.testng.PickleWrapper, io.cucumber.testng.FeatureWrapper)[pri:0, instance:Runner.Runner@f5ac9e4]" started-at="2026-07-06T12:03:41 IST" name="runScenario" description="Runs Cucumber Scenarios" data-provider="scenarios" finished-at="2026-07-06T12:03:59 IST" duration-ms="17684" status="PASS">
          <params>
            <param index="0">
              <value>
                <![CDATA["Add multiple products to cart"]]>
              </value>
            </param>
            <param index="1">
              <value>
                <![CDATA["Cart Functionality"]]>
              </value>
            </param>
          </params>
          <reporter-output>
          </reporter-output>
        </test-method> <!-- runScenario -->
        <test-method is-config="true" signature="tearDownClass()[pri:0, instance:Runner.Runner@f5ac9e4]" started-at="2026-07-06T12:03:59 IST" name="tearDownClass" finished-at="2026-07-06T12:03:59 IST" duration-ms="31" status="PASS">
          <reporter-output>
          </reporter-output>
        </test-method> <!-- tearDownClass -->
      </class> <!-- Runner.Runner -->
    </test> <!-- Default test -->
  </suite> <!-- Default suite -->
</testng-results>
