<?xml version="1.0" encoding="UTF-8"?>
<testng-results ignored="0" total="5" passed="4" failed="1" skipped="0">
  <reporter-output>
  </reporter-output>
  <suite started-at="2026-07-03T15:10:10 IST" name="Default suite" finished-at="2026-07-03T15:12:04 IST" duration-ms="113790">
    <groups>
      <group name="cucumber">
        <method signature="AbstractTestNGCucumberTests.runScenario(io.cucumber.testng.PickleWrapper, io.cucumber.testng.FeatureWrapper)[pri:0, instance:Runner.Runner@f5ac9e4]" name="runScenario" class="io.cucumber.testng.AbstractTestNGCucumberTests"/>
      </group> <!-- cucumber -->
    </groups>
    <test started-at="2026-07-03T15:10:10 IST" name="Default test" finished-at="2026-07-03T15:12:04 IST" duration-ms="113790">
      <class name="Runner.Runner">
        <test-method is-config="true" signature="setUpClass(org.testng.ITestContext)[pri:0, instance:Runner.Runner@f5ac9e4]" started-at="2026-07-03T15:10:11 IST" name="setUpClass" finished-at="2026-07-03T15:10:13 IST" duration-ms="2478" status="PASS">
          <params>
            <param index="0">
              <value>
                <![CDATA[org.testng.TestRunner@3d8d17a3]]>
              </value>
            </param>
          </params>
          <reporter-output>
          </reporter-output>
        </test-method> <!-- setUpClass -->
        <test-method signature="runScenario(io.cucumber.testng.PickleWrapper, io.cucumber.testng.FeatureWrapper)[pri:0, instance:Runner.Runner@f5ac9e4]" started-at="2026-07-03T15:10:13 IST" name="runScenario" description="Runs Cucumber Scenarios" data-provider="scenarios" finished-at="2026-07-03T15:10:49 IST" duration-ms="35973" status="PASS">
          <params>
            <param index="0">
              <value>
                <![CDATA["Navigating to SignIn Page and Signing In"]]>
              </value>
            </param>
            <param index="1">
              <value>
                <![CDATA["BrowserStackDemo Automation Testing"]]>
              </value>
            </param>
          </params>
          <reporter-output>
          </reporter-output>
        </test-method> <!-- runScenario -->
        <test-method signature="runScenario(io.cucumber.testng.PickleWrapper, io.cucumber.testng.FeatureWrapper)[pri:0, instance:Runner.Runner@f5ac9e4]" started-at="2026-07-03T15:10:49 IST" name="runScenario" description="Runs Cucumber Scenarios" data-provider="scenarios" finished-at="2026-07-03T15:11:06 IST" duration-ms="16770" status="PASS">
          <params>
            <param index="0">
              <value>
                <![CDATA["Navigating to SignIn Page and Signing In"]]>
              </value>
            </param>
            <param index="1">
              <value>
                <![CDATA["BrowserStackDemo Automation Testing"]]>
              </value>
            </param>
          </params>
          <reporter-output>
          </reporter-output>
        </test-method> <!-- runScenario -->
        <test-method signature="runScenario(io.cucumber.testng.PickleWrapper, io.cucumber.testng.FeatureWrapper)[pri:0, instance:Runner.Runner@f5ac9e4]" started-at="2026-07-03T15:11:06 IST" name="runScenario" description="Runs Cucumber Scenarios" data-provider="scenarios" finished-at="2026-07-03T15:11:30 IST" duration-ms="24207" status="PASS">
          <params>
            <param index="0">
              <value>
                <![CDATA["Verify Navbar Links"]]>
              </value>
            </param>
            <param index="1">
              <value>
                <![CDATA["Navbar Links Verification"]]>
              </value>
            </param>
          </params>
          <reporter-output>
          </reporter-output>
        </test-method> <!-- runScenario -->
        <test-method signature="runScenario(io.cucumber.testng.PickleWrapper, io.cucumber.testng.FeatureWrapper)[pri:0, instance:Runner.Runner@f5ac9e4]" started-at="2026-07-03T15:11:30 IST" name="runScenario" description="Runs Cucumber Scenarios" data-provider="scenarios" finished-at="2026-07-03T15:11:48 IST" duration-ms="18246" status="FAIL">
          <params>
            <param index="0">
              <value>
                <![CDATA["Verify search fails for any keyword"]]>
              </value>
            </param>
            <param index="1">
              <value>
                <![CDATA["Navbar Links Verification"]]>
              </value>
            </param>
          </params>
          <exception class="java.lang.AssertionError">
            <message>
              <![CDATA[BUG: Search functionality does not filter products based on keyword entered]]>
            </message>
            <full-stacktrace>
              <![CDATA[java.lang.AssertionError: BUG: Search functionality does not filter products based on keyword entered
at org.testng.Assert.fail(Assert.java:97)
at stepDef.NavbarSteps.verifySearchResultsNotDisplayed(NavbarSteps.java:83)
at ✽.Search results should not be displayed(file:///C:/Users/AR20695753/eclipse-workspace/Capstone/src/test/java/features/B_Navbar.feature:21)
]]>
            </full-stacktrace>
          </exception> <!-- java.lang.AssertionError -->
          <reporter-output>
          </reporter-output>
        </test-method> <!-- runScenario -->
        <test-method signature="runScenario(io.cucumber.testng.PickleWrapper, io.cucumber.testng.FeatureWrapper)[pri:0, instance:Runner.Runner@f5ac9e4]" started-at="2026-07-03T15:11:48 IST" name="runScenario" description="Runs Cucumber Scenarios" data-provider="scenarios" finished-at="2026-07-03T15:12:04 IST" duration-ms="15689" status="PASS">
          <params>
            <param index="0">
              <value>
                <![CDATA["Log Out"]]>
              </value>
            </param>
            <param index="1">
              <value>
                <![CDATA["Navbar Links Verification"]]>
              </value>
            </param>
          </params>
          <reporter-output>
          </reporter-output>
        </test-method> <!-- runScenario -->
        <test-method is-config="true" signature="tearDownClass()[pri:0, instance:Runner.Runner@f5ac9e4]" started-at="2026-07-03T15:12:04 IST" name="tearDownClass" finished-at="2026-07-03T15:12:04 IST" duration-ms="260" status="PASS">
          <reporter-output>
          </reporter-output>
        </test-method> <!-- tearDownClass -->
      </class> <!-- Runner.Runner -->
    </test> <!-- Default test -->
  </suite> <!-- Default suite -->
</testng-results>
