<?xml version="1.0" encoding="UTF-8"?>
<!-- Generated by org.testng.reporters.JUnitReportReporter -->
<testsuite hostname="APL-BFQWT24" failures="1" tests="3" name="Runner.Runner" time="51.451" errors="0" timestamp="2026-07-03T15:34:11 IST" skipped="0">
  <testcase classname="Runner.Runner" name="runScenario" time="28.351"/>
  <system-out/>
  <testcase classname="Runner.Runner" name="runScenario" time="9.588"/>
  <system-out/>
  <testcase classname="Runner.Runner" name="runScenario" time="13.512">
    <failure message="BUG: Search functionality does not filter products based on keyword entered" type="java.lang.AssertionError">
      <![CDATA[java.lang.AssertionError: BUG: Search functionality does not filter products based on keyword entered
at org.testng.Assert.fail(Assert.java:97)
at stepDef.NavbarSteps.verifySearchResultsNotDisplayed(NavbarSteps.java:122)
at ✽.Search results should not be displayed(file:///C:/Users/CH20695935/eclipse-workspace/Capstone-Project-Group-E/Capstone-Project-Group-E/src/test/java/features/B_Navbar.feature:21)
]]>
    </failure>
  </testcase> <!-- runScenario -->
  <system-out/>
</testsuite> <!-- Runner.Runner -->
