<?xml version="1.0" encoding="UTF-8"?>
<!-- Generated by org.testng.reporters.JUnitReportReporter -->
<testsuite hostname="APL-19QWT24" failures="1" tests="12" name="Runner.Runner" time="186.403" errors="0" timestamp="2026-07-06T12:03:59 IST" skipped="0">
  <testcase classname="Runner.Runner" name="runScenario" time="16.070"/>
  <system-out/>
  <testcase classname="Runner.Runner" name="runScenario" time="13.197"/>
  <system-out/>
  <testcase classname="Runner.Runner" name="runScenario" time="19.540"/>
  <system-out/>
  <testcase classname="Runner.Runner" name="runScenario" time="14.646"/>
  <system-out/>
  <testcase classname="Runner.Runner" name="runScenario" time="14.043"/>
  <system-out/>
  <testcase classname="Runner.Runner" name="runScenario" time="15.376"/>
  <system-out/>
  <testcase classname="Runner.Runner" name="runScenario" time="23.313"/>
  <system-out/>
  <testcase classname="Runner.Runner" name="runScenario" time="17.684"/>
  <system-out/>
  <testcase classname="Runner.Runner" name="runScenario" time="13.529"/>
  <system-out/>
  <testcase classname="Runner.Runner" name="runScenario" time="13.574">
    <failure message="BUG: Search functionality does not filter products based on keyword entered" type="java.lang.AssertionError">
      <![CDATA[java.lang.AssertionError: BUG: Search functionality does not filter products based on keyword entered
at org.testng.Assert.fail(Assert.java:97)
at stepDef.NavbarSteps.verifySearchResultsNotDisplayed(NavbarSteps.java:122)
at ✽.Search results should not be displayed(file:///C:/Users/AR20695753/eclipse-workspace/Capstone/src/test/java/features/B_Navbar.feature:21)
]]>
    </failure>
  </testcase> <!-- runScenario -->
  <system-out/>
  <testcase classname="Runner.Runner" name="runScenario" time="11.763"/>
  <system-out/>
  <testcase classname="Runner.Runner" name="runScenario" time="13.668"/>
  <system-out/>
</testsuite> <!-- Runner.Runner -->
