<?xml version="1.0" encoding="UTF-8"?>
<!-- Generated by org.testng.reporters.JUnitReportReporter -->
<testsuite hostname="APL-19QWT24" failures="1" tests="1" name="Runner.RunnerSearch" time="13.552" errors="0" timestamp="2026-07-02T14:42:39 IST" skipped="0">
  <testcase classname="Runner.RunnerSearch" name="runScenario" time="13.552">
    <failure message="BUG: Search functionality does not filter products based on keyword entered" type="java.lang.AssertionError">
      <![CDATA[java.lang.AssertionError: BUG: Search functionality does not filter products based on keyword entered
at org.junit.Assert.fail(Assert.java:89)
at stepDef.searchSteps.verifySearchResultsNotDisplayed(searchSteps.java:29)
at ✽.Search results should not be displayed(file:///C:/Users/AR20695753/eclipse-workspace/Capstone/src/test/java/features/search.feature:7)
]]>
    </failure>
  </testcase> <!-- runScenario -->
  <system-out/>
</testsuite> <!-- Runner.RunnerSearch -->
